<?xml version="1.0" encoding="UTF-8"?>
<coverage generated="1635932590799" clover="3.2.0">
  <project timestamp="1635932590799" name="All files">
    <metrics statements="43" coveredstatements="6" conditionals="2" coveredconditionals="1" methods="10" coveredmethods="2" elements="55" coveredelements="9" complexity="0" loc="43" ncloc="43" packages="4" files="5" classes="5"/>
    <package name="src">
      <metrics statements="9" coveredstatements="0" conditionals="0" coveredconditionals="0" methods="1" coveredmethods="0"/>
      <file name="main.ts" path="/Users/filiphavel/Library/Mobile Documents/com~apple~CloudDocs/sch/Ing./Team_project/visma_app/front-end/src/main.ts">
        <metrics statements="9" coveredstatements="0" conditionals="0" coveredconditionals="0" methods="1" coveredmethods="0"/>
        <line num="1" count="0" type="stmt"/>
        <line num="2" count="0" type="stmt"/>
        <line num="3" count="0" type="stmt"/>
        <line num="4" count="0" type="stmt"/>
        <line num="5" count="0" type="stmt"/>
        <line num="7" count="0" type="stmt"/>
        <line num="9" count="0" type="stmt"/>
        <line num="11" count="0" type="stmt"/>
        <line num="13" count="0" type="stmt"/>
      </file>
    </package>
    <package name="src.router">
      <metrics statements="8" coveredstatements="0" conditionals="0" coveredconditionals="0" methods="1" coveredmethods="0"/>
      <file name="index.ts" path="/Users/filiphavel/Library/Mobile Documents/com~apple~CloudDocs/sch/Ing./Team_project/visma_app/front-end/src/router/index.ts">
        <metrics statements="8" coveredstatements="0" conditionals="0" coveredconditionals="0" methods="1" coveredmethods="0"/>
        <line num="1" count="0" type="stmt"/>
        <line num="2" count="0" type="stmt"/>
        <line num="3" count="0" type="stmt"/>
        <line num="5" count="0" type="stmt"/>
        <line num="7" count="0" type="stmt"/>
        <line num="19" count="0" type="stmt"/>
        <line num="23" count="0" type="stmt"/>
        <line num="27" count="0" type="stmt"/>
      </file>
    </package>
    <package name="src.services">
      <metrics statements="12" coveredstatements="1" conditionals="0" coveredconditionals="0" methods="3" coveredmethods="0"/>
      <file name="api.ts" path="/Users/filiphavel/Library/Mobile Documents/com~apple~CloudDocs/sch/Ing./Team_project/visma_app/front-end/src/services/api.ts">
        <metrics statements="12" coveredstatements="1" conditionals="0" coveredconditionals="0" methods="3" coveredmethods="0"/>
        <line num="1" count="1" type="stmt"/>
        <line num="39" count="0" type="stmt"/>
        <line num="40" count="0" type="stmt"/>
        <line num="41" count="0" type="stmt"/>
        <line num="44" count="0" type="stmt"/>
        <line num="45" count="0" type="stmt"/>
        <line num="46" count="0" type="stmt"/>
        <line num="53" count="0" type="stmt"/>
        <line num="55" count="0" type="stmt"/>
        <line num="60" count="0" type="stmt"/>
        <line num="61" count="0" type="stmt"/>
        <line num="63" count="0" type="stmt"/>
      </file>
    </package>
    <package name="src.views">
      <metrics statements="14" coveredstatements="5" conditionals="2" coveredconditionals="1" methods="5" coveredmethods="2"/>
      <file name="Employee.vue" path="/Users/filiphavel/Library/Mobile Documents/com~apple~CloudDocs/sch/Ing./Team_project/visma_app/front-end/src/views/Employee.vue">
        <metrics statements="12" coveredstatements="5" conditionals="2" coveredconditionals="1" methods="4" coveredmethods="2"/>
        <line num="64" count="1" type="stmt"/>
        <line num="65" count="1" type="stmt"/>
        <line num="73" count="1" type="stmt"/>
        <line num="86" count="0" type="stmt"/>
        <line num="90" count="0" type="stmt"/>
        <line num="92" count="0" type="stmt"/>
        <line num="101" count="0" type="stmt"/>
        <line num="103" count="0" type="stmt"/>
        <line num="104" count="0" type="stmt"/>
        <line num="107" count="1" type="cond" truecount="1" falsecount="1"/>
        <line num="108" count="1" type="stmt"/>
        <line num="110" count="0" type="stmt"/>
      </file>
      <file name="Manager.vue" path="/Users/filiphavel/Library/Mobile Documents/com~apple~CloudDocs/sch/Ing./Team_project/visma_app/front-end/src/views/Manager.vue">
        <metrics statements="2" coveredstatements="0" conditionals="0" coveredconditionals="0" methods="1" coveredmethods="0"/>
        <line num="37" count="0" type="stmt"/>
        <line num="45" count="0" type="stmt"/>
      </file>
    </package>
  </project>
</coverage>
