{"/home/ludovit/ATS-team-project-repo/front-end/src/main.ts": {"path":"/home/ludovit/ATS-team-project-repo/front-end/src/main.ts","statementMap":{"0":{"start":{"line":1,"column":0},"end":{"line":1,"column":null}},"1":{"start":{"line":2,"column":0},"end":{"line":2,"column":null}},"2":{"start":{"line":3,"column":0},"end":{"line":3,"column":null}},"3":{"start":{"line":4,"column":0},"end":{"line":4,"column":null}},"4":{"start":{"line":5,"column":0},"end":{"line":5,"column":null}},"5":{"start":{"line":7,"column":0},"end":{"line":7,"column":4}},"6":{"start":{"line":9,"column":0},"end":{"line":9,"column":4}},"7":{"start":{"line":11,"column":0},"end":{"line":11,"column":4}},"8":{"start":{"line":13,"column":15},"end":{"line":13,"column":17}}},"fnMap":{"0":{"name":"(anonymous_0)","decl":{"start":{"line":13,"column":10},"end":{"line":13,"column":11}},"loc":{"start":{"line":13,"column":15},"end":{"line":13,"column":17}}}},"branchMap":{},"s":{"0":0,"1":0,"2":0,"3":0,"4":0,"5":0,"6":0,"7":0,"8":0},"f":{"0":0},"b":{}}
,"/home/ludovit/ATS-team-project-repo/front-end/src/router/index.ts": {"path":"/home/ludovit/ATS-team-project-repo/front-end/src/router/index.ts","statementMap":{"0":{"start":{"line":1,"column":0},"end":{"line":1,"column":null}},"1":{"start":{"line":2,"column":0},"end":{"line":2,"column":null}},"2":{"start":{"line":3,"column":0},"end":{"line":3,"column":null}},"3":{"start":{"line":5,"column":0},"end":{"line":5,"column":4}},"4":{"start":{"line":7,"column":35},"end":{"line":7,"column":null}},"5":{"start":{"line":19,"column":15},"end":{"line":19,"column":60}},"6":{"start":{"line":23,"column":15},"end":{"line":23,"column":19}},"7":{"start":{"line":27,"column":15},"end":{"line":27,"column":null}}},"fnMap":{"0":{"name":"(anonymous_0)","decl":{"start":{"line":19,"column":15},"end":{"line":19,"column":60}},"loc":{"start":{"line":19,"column":15},"end":{"line":19,"column":60}}}},"branchMap":{},"s":{"0":0,"1":0,"2":0,"3":0,"4":0,"5":0,"6":0,"7":0},"f":{"0":0},"b":{}}
,"/home/ludovit/ATS-team-project-repo/front-end/src/services/api.ts": {"path":"/home/ludovit/ATS-team-project-repo/front-end/src/services/api.ts","statementMap":{"0":{"start":{"line":1,"column":0},"end":{"line":1,"column":null}},"1":{"start":{"line":39,"column":12},"end":{"line":39,"column":36}},"2":{"start":{"line":40,"column":12},"end":{"line":40,"column":39}},"3":{"start":{"line":41,"column":12},"end":{"line":41,"column":34}},"4":{"start":{"line":44,"column":8},"end":{"line":56,"column":null}},"5":{"start":{"line":45,"column":12},"end":{"line":45,"column":19}},"6":{"start":{"line":46,"column":29},"end":{"line":46,"column":null}},"7":{"start":{"line":53,"column":12},"end":{"line":53,"column":19}},"8":{"start":{"line":55,"column":12},"end":{"line":55,"column":19}},"9":{"start":{"line":60,"column":8},"end":{"line":64,"column":null}},"10":{"start":{"line":61,"column":12},"end":{"line":61,"column":19}},"11":{"start":{"line":63,"column":12},"end":{"line":63,"column":19}}},"fnMap":{"0":{"name":"(anonymous_0)","decl":{"start":{"line":38,"column":0},"end":{"line":38,"column":6}},"loc":{"start":{"line":38,"column":0},"end":{"line":66,"column":null}}},"1":{"name":"(anonymous_1)","decl":{"start":{"line":43,"column":28},"end":{"line":43,"column":29}},"loc":{"start":{"line":43,"column":85},"end":{"line":57,"column":null}}},"2":{"name":"(anonymous_2)","decl":{"start":{"line":59,"column":22},"end":{"line":59,"column":null}},"loc":{"start":{"line":59,"column":22},"end":{"line":65,"column":null}}}},"branchMap":{},"s":{"0":1,"1":2,"2":2,"3":2,"4":2,"5":2,"6":2,"7":2,"8":0,"9":0,"10":0,"11":0},"f":{"0":2,"1":2,"2":0},"b":{}}
,"/home/ludovit/ATS-team-project-repo/front-end/src/views/Employee.vue": {"path":"/home/ludovit/ATS-team-project-repo/front-end/src/views/Employee.vue","statementMap":{"0":{"start":{"line":64,"column":0},"end":{"line":64,"column":null}},"1":{"start":{"line":65,"column":0},"end":{"line":65,"column":null}},"2":{"start":{"line":73,"column":0},"end":{"line":73,"column":null}},"3":{"start":{"line":86,"column":0},"end":{"line":86,"column":null}},"4":{"start":{"line":90,"column":0},"end":{"line":90,"column":null}},"5":{"start":{"line":92,"column":0},"end":{"line":92,"column":null}},"6":{"start":{"line":101,"column":0},"end":{"line":101,"column":null}},"7":{"start":{"line":103,"column":0},"end":{"line":103,"column":null}},"8":{"start":{"line":104,"column":0},"end":{"line":104,"column":null}},"9":{"start":{"line":107,"column":0},"end":{"line":111,"column":null}},"10":{"start":{"line":108,"column":0},"end":{"line":108,"column":null}},"11":{"start":{"line":110,"column":0},"end":{"line":110,"column":null}}},"fnMap":{"0":{"name":"(anonymous_1)","decl":{"start":{"line":72,"column":0},"end":{"line":72,"column":null}},"loc":{"start":{"line":72,"column":0},"end":{"line":83,"column":null}}},"1":{"name":"(anonymous_2)","decl":{"start":{"line":85,"column":0},"end":{"line":85,"column":null}},"loc":{"start":{"line":85,"column":0},"end":{"line":87,"column":null}}},"2":{"name":"(anonymous_3)","decl":{"start":{"line":88,"column":0},"end":{"line":88,"column":null}},"loc":{"start":{"line":88,"column":0},"end":{"line":105,"column":null}}},"3":{"name":"(anonymous_4)","decl":{"start":{"line":106,"column":0},"end":{"line":106,"column":null}},"loc":{"start":{"line":106,"column":0},"end":{"line":112,"column":null}}}},"branchMap":{"0":{"loc":{"start":{"line":107,"column":0},"end":{"line":111,"column":null}},"type":"if","locations":[{"start":{"line":107,"column":0},"end":{"line":111,"column":null}},{"start":{"line":107,"column":0},"end":{"line":111,"column":null}}]}},"s":{"0":1,"1":1,"2":5,"3":2,"4":2,"5":2,"6":2,"7":2,"8":0,"9":4,"10":4,"11":0},"f":{"0":5,"1":2,"2":2,"3":4},"b":{"0":[4,0]}}
,"/home/ludovit/ATS-team-project-repo/front-end/src/views/Manager.vue": {"path":"/home/ludovit/ATS-team-project-repo/front-end/src/views/Manager.vue","statementMap":{"0":{"start":{"line":37,"column":0},"end":{"line":37,"column":null}},"1":{"start":{"line":45,"column":0},"end":{"line":45,"column":null}}},"fnMap":{"0":{"name":"(anonymous_1)","decl":{"start":{"line":44,"column":0},"end":{"line":44,"column":null}},"loc":{"start":{"line":44,"column":0},"end":{"line":83,"column":null}}}},"branchMap":{},"s":{"0":0,"1":0},"f":{"0":0},"b":{}}
,"/home/ludovit/ATS-team-project-repo/front-end/tests/unit/index.ts": {"path":"/home/ludovit/ATS-team-project-repo/front-end/tests/unit/index.ts","statementMap":{"0":{"start":{"line":1,"column":0},"end":{"line":1,"column":null}},"1":{"start":{"line":2,"column":0},"end":{"line":2,"column":null}},"2":{"start":{"line":3,"column":0},"end":{"line":3,"column":4}},"3":{"start":{"line":4,"column":0},"end":{"line":4,"column":4}}},"fnMap":{},"branchMap":{},"s":{"0":0,"1":0,"2":0,"3":0},"f":{},"b":{}}
}
