TN:
SF:/home/ludovit/ATS-team-project-repo/front-end/src/main.ts
FN:13,(anonymous_0)
FNF:1
FNH:0
FNDA:0,(anonymous_0)
DA:1,0
DA:2,0
DA:3,0
DA:4,0
DA:5,0
DA:7,0
DA:9,0
DA:11,0
DA:13,0
LF:9
LH:0
BRF:0
BRH:0
end_of_record
TN:
SF:/home/ludovit/ATS-team-project-repo/front-end/src/router/index.ts
FN:19,(anonymous_0)
FNF:1
FNH:0
FNDA:0,(anonymous_0)
DA:1,0
DA:2,0
DA:3,0
DA:5,0
DA:7,0
DA:19,0
DA:23,0
DA:27,0
LF:8
LH:0
BRF:0
BRH:0
end_of_record
TN:
SF:/home/ludovit/ATS-team-project-repo/front-end/src/services/api.ts
FN:38,(anonymous_0)
FN:43,(anonymous_1)
FN:59,(anonymous_2)
FNF:3
FNH:2
FNDA:2,(anonymous_0)
FNDA:2,(anonymous_1)
FNDA:0,(anonymous_2)
DA:1,1
DA:39,2
DA:40,2
DA:41,2
DA:44,2
DA:45,2
DA:46,2
DA:53,2
DA:55,0
DA:60,0
DA:61,0
DA:63,0
LF:12
LH:8
BRF:0
BRH:0
end_of_record
TN:
SF:/home/ludovit/ATS-team-project-repo/front-end/src/views/Employee.vue
FN:72,(anonymous_1)
FN:85,(anonymous_2)
FN:88,(anonymous_3)
FN:106,(anonymous_4)
FNF:4
FNH:4
FNDA:5,(anonymous_1)
FNDA:2,(anonymous_2)
FNDA:2,(anonymous_3)
FNDA:4,(anonymous_4)
DA:64,1
DA:65,1
DA:73,5
DA:86,2
DA:90,2
DA:92,2
DA:101,2
DA:103,2
DA:104,0
DA:107,4
DA:108,4
DA:110,0
LF:12
LH:10
BRDA:107,0,0,4
BRDA:107,0,1,0
BRF:2
BRH:1
end_of_record
TN:
SF:/home/ludovit/ATS-team-project-repo/front-end/src/views/Manager.vue
FN:44,(anonymous_1)
FNF:1
FNH:0
FNDA:0,(anonymous_1)
DA:37,0
DA:45,0
LF:2
LH:0
BRF:0
BRH:0
end_of_record
TN:
SF:/home/ludovit/ATS-team-project-repo/front-end/tests/unit/index.ts
FNF:0
FNH:0
DA:1,0
DA:2,0
DA:3,0
DA:4,0
LF:4
LH:0
BRF:0
BRH:0
end_of_record
